c:\users\home\desktop\universidad nacional\2 ciclo 2018\programacion l\pro 2 send\proyecto_2\proyecto_2\x64\debug\vc141.pdb
c:\users\home\desktop\universidad nacional\2 ciclo 2018\programacion l\pro 2 send\proyecto_2\proyecto_2\x64\debug\vc141.idb
c:\users\home\desktop\universidad nacional\2 ciclo 2018\programacion l\pro 2 send\proyecto_2\proyecto_2\x64\debug\tablero.obj
c:\users\home\desktop\universidad nacional\2 ciclo 2018\programacion l\pro 2 send\proyecto_2\proyecto_2\x64\debug\palabra.obj
c:\users\home\desktop\universidad nacional\2 ciclo 2018\programacion l\pro 2 send\proyecto_2\proyecto_2\x64\debug\main.obj
c:\users\home\desktop\universidad nacional\2 ciclo 2018\programacion l\pro 2 send\proyecto_2\proyecto_2\x64\debug\listapalabras.obj
c:\users\home\desktop\universidad nacional\2 ciclo 2018\programacion l\pro 2 send\proyecto_2\proyecto_2\x64\debug\listadiccionario.obj
c:\users\home\desktop\universidad nacional\2 ciclo 2018\programacion l\pro 2 send\proyecto_2\proyecto_2\x64\debug\jugador.obj
c:\users\home\desktop\universidad nacional\2 ciclo 2018\programacion l\pro 2 send\proyecto_2\proyecto_2\x64\debug\juego.obj
c:\users\home\desktop\universidad nacional\2 ciclo 2018\programacion l\pro 2 send\proyecto_2\proyecto_2\x64\debug\in_out.obj
c:\users\home\desktop\universidad nacional\2 ciclo 2018\programacion l\pro 2 send\proyecto_2\proyecto_2\x64\debug\ficha.obj
c:\users\home\desktop\universidad nacional\2 ciclo 2018\programacion l\pro 2 send\proyecto_2\proyecto_2\x64\debug\diccionario.obj
c:\users\home\desktop\programacion l\pro 2 send\proyecto_2\x64\debug\proyecto_2.exe
c:\users\home\desktop\programacion l\pro 2 send\proyecto_2\x64\debug\proyecto_2.ilk
c:\users\home\desktop\programacion l\pro 2 send\proyecto_2\x64\debug\proyecto_2.pdb
c:\users\home\desktop\universidad nacional\2 ciclo 2018\programacion l\pro 2 send\proyecto_2\x64\debug\proyecto_2.exe
c:\users\home\desktop\universidad nacional\2 ciclo 2018\programacion l\pro 2 send\proyecto_2\x64\debug\proyecto_2.ilk
c:\users\home\desktop\universidad nacional\2 ciclo 2018\programacion l\pro 2 send\proyecto_2\x64\debug\proyecto_2.pdb
c:\users\home\desktop\proyecto_2\proyecto_2\x64\debug\diccionario.obj
c:\users\home\desktop\proyecto_2\proyecto_2\x64\debug\ficha.obj
c:\users\home\desktop\proyecto_2\proyecto_2\x64\debug\in_out.obj
c:\users\home\desktop\proyecto_2\proyecto_2\x64\debug\juego.obj
c:\users\home\desktop\proyecto_2\proyecto_2\x64\debug\jugador.obj
c:\users\home\desktop\proyecto_2\proyecto_2\x64\debug\listadiccionario.obj
c:\users\home\desktop\proyecto_2\proyecto_2\x64\debug\listapalabras.obj
c:\users\home\desktop\proyecto_2\proyecto_2\x64\debug\main.obj
c:\users\home\desktop\proyecto_2\proyecto_2\x64\debug\palabra.obj
c:\users\home\desktop\proyecto_2\proyecto_2\x64\debug\tablero.obj
c:\users\home\desktop\proyecto_2\proyecto_2\x64\debug\vc141.idb
c:\users\home\desktop\proyecto_2\proyecto_2\x64\debug\vc141.pdb
c:\users\home\desktop\proyecto_2\x64\debug\proyecto_2.pdb
c:\users\home\desktop\proyecto_2\x64\debug\proyecto_2.exe
c:\users\home\desktop\proyecto_2\x64\debug\proyecto_2.ilk
c:\users\home\desktop\proyecto_2\proyecto_2\x64\debug\proyecto_2.tlog\cl.command.1.tlog
c:\users\home\desktop\proyecto_2\proyecto_2\x64\debug\proyecto_2.tlog\cl.read.1.tlog
c:\users\home\desktop\proyecto_2\proyecto_2\x64\debug\proyecto_2.tlog\cl.write.1.tlog
c:\users\home\desktop\proyecto_2\proyecto_2\x64\debug\proyecto_2.tlog\link.command.1.tlog
c:\users\home\desktop\proyecto_2\proyecto_2\x64\debug\proyecto_2.tlog\link.read.1.tlog
c:\users\home\desktop\proyecto_2\proyecto_2\x64\debug\proyecto_2.tlog\link.write.1.tlog
