c:\users\home\desktop\proyecto 1\proyecto1.1\proyecto1.1\x64\debug\vc141.pdb
c:\users\home\desktop\proyecto 1\proyecto1.1\proyecto1.1\x64\debug\vc141.idb
c:\users\home\desktop\proyecto 1\proyecto1.1\proyecto1.1\x64\debug\puesto.obj
c:\users\home\desktop\proyecto 1\proyecto1.1\proyecto1.1\x64\debug\profesional.obj
c:\users\home\desktop\proyecto 1\proyecto1.1\proyecto1.1\x64\debug\plaza.obj
c:\users\home\desktop\proyecto 1\proyecto1.1\proyecto1.1\x64\debug\planillaidefinida.obj
c:\users\home\desktop\proyecto 1\proyecto1.1\proyecto1.1\x64\debug\planillacorta.obj
c:\users\home\desktop\proyecto 1\proyecto1.1\proyecto1.1\x64\debug\planilla.obj
c:\users\home\desktop\proyecto 1\proyecto1.1\proyecto1.1\x64\debug\nodo.obj
c:\users\home\desktop\proyecto 1\proyecto1.1\proyecto1.1\x64\debug\main.obj
c:\users\home\desktop\proyecto 1\proyecto1.1\proyecto1.1\x64\debug\lista.obj
c:\users\home\desktop\proyecto 1\proyecto1.1\proyecto1.1\x64\debug\in_out.obj
c:\users\home\desktop\proyecto 1\proyecto1.1\proyecto1.1\x64\debug\fecha.obj
c:\users\home\desktop\proyecto 1\proyecto1.1\proyecto1.1\x64\debug\error.obj
c:\users\home\desktop\proyecto 1\proyecto1.1\proyecto1.1\x64\debug\empresa.obj
c:\users\home\desktop\proyecto 1\proyecto1.1\proyecto1.1\x64\debug\empleado.obj
c:\users\home\desktop\proyecto 1\proyecto1.1\proyecto1.1\x64\debug\controlador.obj
c:\users\home\desktop\proyecto 1\proyecto1.1\proyecto1.1\x64\debug\contrato.obj
c:\users\home\desktop\proyecto 1\proyecto1.1\x64\debug\proyecto1.1.exe
c:\users\home\desktop\proyecto 1\proyecto1.1\x64\debug\proyecto1.1.ilk
c:\users\home\desktop\proyecto 1\proyecto1.1\x64\debug\proyecto1.1.pdb
c:\users\home\desktop\proyecto 1\proyecto1.1\proyecto1.1\x64\debug\listacontrato.obj
c:\users\home\desktop\proyecto 1\proyecto1.1\proyecto1.1\x64\debug\listaempledo.obj
c:\users\home\desktop\proyecto 1\proyecto1.1\proyecto1.1\x64\debug\listapuesto.obj
c:\users\home\desktop\proyecto 1\proyecto1.1\proyecto1.1\x64\debug\nodocontrato.obj
c:\users\home\desktop\proyecto 1\proyecto1.1\proyecto1.1\x64\debug\nodoempleado.obj
c:\users\home\desktop\proyecto 1\proyecto1.1\proyecto1.1\x64\debug\nodopuesto.obj
c:\users\home\desktop\proyecto 1\proyecto1.1\proyecto1.1\x64\debug\objetobase.obj
c:\users\home\desktop\proyecto 1\proyecto1.1\proyecto1.1\x64\debug\main.obj.enc
c:\users\home\desktop\proyecto 1\proyecto1.1\proyecto1.1\x64\debug\proyecto1.1.tlog\cl.command.1.tlog
c:\users\home\desktop\proyecto 1\proyecto1.1\proyecto1.1\x64\debug\proyecto1.1.tlog\cl.read.1.tlog
c:\users\home\desktop\proyecto 1\proyecto1.1\proyecto1.1\x64\debug\proyecto1.1.tlog\cl.write.1.tlog
c:\users\home\desktop\proyecto 1\proyecto1.1\proyecto1.1\x64\debug\proyecto1.1.tlog\link.command.1.tlog
c:\users\home\desktop\proyecto 1\proyecto1.1\proyecto1.1\x64\debug\proyecto1.1.tlog\link.read.1.tlog
c:\users\home\desktop\proyecto 1\proyecto1.1\proyecto1.1\x64\debug\proyecto1.1.tlog\link.write.1.tlog
